array_size= 8192 	STRIDE= 1 	nano= 1207438.000000 	 numberOfAccesses= 1646592 	AMAT= 0.733295
array_size= 8192 	STRIDE= 2 	nano= 1222812.000000 	 numberOfAccesses= 1642496 	AMAT= 0.744484
array_size= 8192 	STRIDE= 4 	nano= 1219812.000000 	 numberOfAccesses= 1640448 	AMAT= 0.743585
array_size= 8192 	STRIDE= 8 	nano= 1225640.000000 	 numberOfAccesses= 1639424 	AMAT= 0.747604
array_size= 8192 	STRIDE= 16 	nano= 1244411.000000 	 numberOfAccesses= 1638912 	AMAT= 0.759291
array_size= 8192 	STRIDE= 32 	nano= 1349951.000000 	 numberOfAccesses= 1638656 	AMAT= 0.823816
array_size= 8192 	STRIDE= 64 	nano= 1404840.000000 	 numberOfAccesses= 1638528 	AMAT= 0.857379
array_size= 8192 	STRIDE= 128 	nano= 1591632.000000 	 numberOfAccesses= 1638464 	AMAT= 0.971417
array_size= 8192 	STRIDE= 256 	nano= 1713445.000000 	 numberOfAccesses= 1638432 	AMAT= 1.045783
array_size= 8192 	STRIDE= 512 	nano= 1632134.000000 	 numberOfAccesses= 1638416 	AMAT= 0.996166
array_size= 8192 	STRIDE= 1024 	nano= 1671061.000000 	 numberOfAccesses= 1638408 	AMAT= 1.019930
array_size= 8192 	STRIDE= 2048 	nano= 1563384.000000 	 numberOfAccesses= 1638404 	AMAT= 0.954212
array_size= 8192 	STRIDE= 4096 	nano= 1802868.000000 	 numberOfAccesses= 1638402 	AMAT= 1.100382
array_size= 16384 	STRIDE= 1 	nano= 2471563.000000 	 numberOfAccesses= 3293184 	AMAT= 0.750509
array_size= 16384 	STRIDE= 2 	nano= 2500954.000000 	 numberOfAccesses= 3284992 	AMAT= 0.761327
array_size= 16384 	STRIDE= 4 	nano= 2338274.000000 	 numberOfAccesses= 3280896 	AMAT= 0.712694
array_size= 16384 	STRIDE= 8 	nano= 2370051.000000 	 numberOfAccesses= 3278848 	AMAT= 0.722830
array_size= 16384 	STRIDE= 16 	nano= 2404394.000000 	 numberOfAccesses= 3277824 	AMAT= 0.733534
array_size= 16384 	STRIDE= 32 	nano= 2416335.000000 	 numberOfAccesses= 3277312 	AMAT= 0.737292
array_size= 16384 	STRIDE= 64 	nano= 2525199.000000 	 numberOfAccesses= 3277056 	AMAT= 0.770569
array_size= 16384 	STRIDE= 128 	nano= 2710395.000000 	 numberOfAccesses= 3276928 	AMAT= 0.827115
array_size= 16384 	STRIDE= 256 	nano= 3103001.000000 	 numberOfAccesses= 3276864 	AMAT= 0.946942
array_size= 16384 	STRIDE= 512 	nano= 3070727.000000 	 numberOfAccesses= 3276832 	AMAT= 0.937102
array_size= 16384 	STRIDE= 1024 	nano= 3153338.000000 	 numberOfAccesses= 3276816 	AMAT= 0.962318
array_size= 16384 	STRIDE= 2048 	nano= 3257216.000000 	 numberOfAccesses= 3276808 	AMAT= 0.994021
array_size= 16384 	STRIDE= 4096 	nano= 3314714.000000 	 numberOfAccesses= 3276804 	AMAT= 1.011569
array_size= 16384 	STRIDE= 8192 	nano= 3516888.000000 	 numberOfAccesses= 3276802 	AMAT= 1.073268
array_size= 32768 	STRIDE= 1 	nano= 4716932.000000 	 numberOfAccesses= 6586368 	AMAT= 0.716166
array_size= 32768 	STRIDE= 2 	nano= 4706931.000000 	 numberOfAccesses= 6569984 	AMAT= 0.716430
array_size= 32768 	STRIDE= 4 	nano= 4685649.000000 	 numberOfAccesses= 6561792 	AMAT= 0.714081
array_size= 32768 	STRIDE= 8 	nano= 4705981.000000 	 numberOfAccesses= 6557696 	AMAT= 0.717627
array_size= 32768 	STRIDE= 16 	nano= 4715901.000000 	 numberOfAccesses= 6555648 	AMAT= 0.719365
array_size= 32768 	STRIDE= 32 	nano= 4761990.000000 	 numberOfAccesses= 6554624 	AMAT= 0.726508
array_size= 32768 	STRIDE= 64 	nano= 4854109.000000 	 numberOfAccesses= 6554112 	AMAT= 0.740620
array_size= 32768 	STRIDE= 128 	nano= 5029715.000000 	 numberOfAccesses= 6553856 	AMAT= 0.767444
array_size= 32768 	STRIDE= 256 	nano= 5476257.000000 	 numberOfAccesses= 6553728 	AMAT= 0.835594
array_size= 32768 	STRIDE= 512 	nano= 6309268.000000 	 numberOfAccesses= 6553664 	AMAT= 0.962708
array_size= 32768 	STRIDE= 1024 	nano= 6162246.000000 	 numberOfAccesses= 6553632 	AMAT= 0.940280
array_size= 32768 	STRIDE= 2048 	nano= 6284334.000000 	 numberOfAccesses= 6553616 	AMAT= 0.958911
array_size= 32768 	STRIDE= 4096 	nano= 7720128.000000 	 numberOfAccesses= 6553608 	AMAT= 1.177997
array_size= 32768 	STRIDE= 8192 	nano= 6554597.000000 	 numberOfAccesses= 6553604 	AMAT= 1.000152
array_size= 32768 	STRIDE= 16384 	nano= 7028099.000000 	 numberOfAccesses= 6553602 	AMAT= 1.072402
array_size= 65536 	STRIDE= 1 	nano= 9406479.000000 	 numberOfAccesses= 13172736 	AMAT= 0.714087
array_size= 65536 	STRIDE= 2 	nano= 9522611.000000 	 numberOfAccesses= 13139968 	AMAT= 0.724706
array_size= 65536 	STRIDE= 4 	nano= 9360474.000000 	 numberOfAccesses= 13123584 	AMAT= 0.713256
array_size= 65536 	STRIDE= 8 	nano= 9363207.000000 	 numberOfAccesses= 13115392 	AMAT= 0.713910
array_size= 65536 	STRIDE= 16 	nano= 9482700.000000 	 numberOfAccesses= 13111296 	AMAT= 0.723247
array_size= 65536 	STRIDE= 32 	nano= 12757892.000000 	 numberOfAccesses= 13109248 	AMAT= 0.973198
array_size= 65536 	STRIDE= 64 	nano= 25584892.000000 	 numberOfAccesses= 13108224 	AMAT= 1.951820
array_size= 65536 	STRIDE= 128 	nano= 25806069.000000 	 numberOfAccesses= 13107712 	AMAT= 1.968770
array_size= 65536 	STRIDE= 256 	nano= 25815900.000000 	 numberOfAccesses= 13107456 	AMAT= 1.969558
array_size= 65536 	STRIDE= 512 	nano= 25910707.000000 	 numberOfAccesses= 13107328 	AMAT= 1.976811
array_size= 65536 	STRIDE= 1024 	nano= 44133199.000000 	 numberOfAccesses= 13107264 	AMAT= 3.367079
array_size= 65536 	STRIDE= 2048 	nano= 52076896.000000 	 numberOfAccesses= 13107232 	AMAT= 3.973142
array_size= 65536 	STRIDE= 4096 	nano= 53939120.000000 	 numberOfAccesses= 13107216 	AMAT= 4.115223
array_size= 65536 	STRIDE= 8192 	nano= 17138732.000000 	 numberOfAccesses= 13107208 	AMAT= 1.307581
array_size= 65536 	STRIDE= 16384 	nano= 13342107.000000 	 numberOfAccesses= 13107204 	AMAT= 1.017922
array_size= 65536 	STRIDE= 32768 	nano= 14234289.000000 	 numberOfAccesses= 13107202 	AMAT= 1.085990
array_size= 131072 	STRIDE= 1 	nano= 18819285.000000 	 numberOfAccesses= 26345472 	AMAT= 0.714327
array_size= 131072 	STRIDE= 2 	nano= 18770162.000000 	 numberOfAccesses= 26279936 	AMAT= 0.714239
array_size= 131072 	STRIDE= 4 	nano= 18787154.000000 	 numberOfAccesses= 26247168 	AMAT= 0.715778
array_size= 131072 	STRIDE= 8 	nano= 18726378.000000 	 numberOfAccesses= 26230784 	AMAT= 0.713908
array_size= 131072 	STRIDE= 16 	nano= 18928943.000000 	 numberOfAccesses= 26222592 	AMAT= 0.721856
array_size= 131072 	STRIDE= 32 	nano= 25814842.000000 	 numberOfAccesses= 26218496 	AMAT= 0.984604
array_size= 131072 	STRIDE= 64 	nano= 51565059.000000 	 numberOfAccesses= 26216448 	AMAT= 1.966897
array_size= 131072 	STRIDE= 128 	nano= 52093270.000000 	 numberOfAccesses= 26215424 	AMAT= 1.987123
array_size= 131072 	STRIDE= 256 	nano= 52175687.000000 	 numberOfAccesses= 26214912 	AMAT= 1.990306
array_size= 131072 	STRIDE= 512 	nano= 52943575.000000 	 numberOfAccesses= 26214656 	AMAT= 2.019617
array_size= 131072 	STRIDE= 1024 	nano= 89994732.000000 	 numberOfAccesses= 26214528 	AMAT= 3.433010
array_size= 131072 	STRIDE= 2048 	nano= 120907875.000000 	 numberOfAccesses= 26214464 	AMAT= 4.612258
array_size= 131072 	STRIDE= 4096 	nano= 154975506.000000 	 numberOfAccesses= 26214432 	AMAT= 5.911839
array_size= 131072 	STRIDE= 8192 	nano= 112356371.000000 	 numberOfAccesses= 26214416 	AMAT= 4.286053
array_size= 131072 	STRIDE= 16384 	nano= 30915624.000000 	 numberOfAccesses= 26214408 	AMAT= 1.179337
array_size= 131072 	STRIDE= 32768 	nano= 25873262.000000 	 numberOfAccesses= 26214404 	AMAT= 0.986986
array_size= 131072 	STRIDE= 65536 	nano= 28108589.000000 	 numberOfAccesses= 26214402 	AMAT= 1.072257
array_size= 262144 	STRIDE= 1 	nano= 37691241.000000 	 numberOfAccesses= 52690944 	AMAT= 0.715327
array_size= 262144 	STRIDE= 2 	nano= 37481480.000000 	 numberOfAccesses= 52559872 	AMAT= 0.713120
array_size= 262144 	STRIDE= 4 	nano= 37449423.000000 	 numberOfAccesses= 52494336 	AMAT= 0.713399
array_size= 262144 	STRIDE= 8 	nano= 37435048.000000 	 numberOfAccesses= 52461568 	AMAT= 0.713571
array_size= 262144 	STRIDE= 16 	nano= 38840310.000000 	 numberOfAccesses= 52445184 	AMAT= 0.740589
array_size= 262144 	STRIDE= 32 	nano= 57968861.000000 	 numberOfAccesses= 52436992 	AMAT= 1.105496
array_size= 262144 	STRIDE= 64 	nano= 115037337.000000 	 numberOfAccesses= 52432896 	AMAT= 2.193992
array_size= 262144 	STRIDE= 128 	nano= 115779927.000000 	 numberOfAccesses= 52430848 	AMAT= 2.208241
array_size= 262144 	STRIDE= 256 	nano= 116472095.000000 	 numberOfAccesses= 52429824 	AMAT= 2.221486
array_size= 262144 	STRIDE= 512 	nano= 109756888.000000 	 numberOfAccesses= 52429312 	AMAT= 2.093426
array_size= 262144 	STRIDE= 1024 	nano= 184644555.000000 	 numberOfAccesses= 52429056 	AMAT= 3.521798
array_size= 262144 	STRIDE= 2048 	nano= 251286656.000000 	 numberOfAccesses= 52428928 	AMAT= 4.792901
array_size= 262144 	STRIDE= 4096 	nano= 358320606.000000 	 numberOfAccesses= 52428864 	AMAT= 6.834415
array_size= 262144 	STRIDE= 8192 	nano= 299493467.000000 	 numberOfAccesses= 52428832 	AMAT= 5.712381
array_size= 262144 	STRIDE= 16384 	nano= 233343997.000000 	 numberOfAccesses= 52428816 	AMAT= 4.450682
array_size= 262144 	STRIDE= 32768 	nano= 61745416.000000 	 numberOfAccesses= 52428808 	AMAT= 1.177700
array_size= 262144 	STRIDE= 65536 	nano= 51681890.000000 	 numberOfAccesses= 52428804 	AMAT= 0.985754
array_size= 262144 	STRIDE= 131072 	nano= 56326127.000000 	 numberOfAccesses= 52428802 	AMAT= 1.074336
array_size= 524288 	STRIDE= 1 	nano= 75165375.000000 	 numberOfAccesses= 105381888 	AMAT= 0.713267
array_size= 524288 	STRIDE= 2 	nano= 75002296.000000 	 numberOfAccesses= 105119744 	AMAT= 0.713494
array_size= 524288 	STRIDE= 4 	nano= 74944537.000000 	 numberOfAccesses= 104988672 	AMAT= 0.713835
array_size= 524288 	STRIDE= 8 	nano= 74985705.000000 	 numberOfAccesses= 104923136 	AMAT= 0.714673
array_size= 524288 	STRIDE= 16 	nano= 80665587.000000 	 numberOfAccesses= 104890368 	AMAT= 0.769047
array_size= 524288 	STRIDE= 32 	nano= 132963572.000000 	 numberOfAccesses= 104873984 	AMAT= 1.267841
array_size= 524288 	STRIDE= 64 	nano= 262911728.000000 	 numberOfAccesses= 104865792 	AMAT= 2.507126
array_size= 524288 	STRIDE= 128 	nano= 276768236.000000 	 numberOfAccesses= 104861696 	AMAT= 2.639364
array_size= 524288 	STRIDE= 256 	nano= 284703398.000000 	 numberOfAccesses= 104859648 	AMAT= 2.715090
array_size= 524288 	STRIDE= 512 	nano= 252484592.000000 	 numberOfAccesses= 104858624 	AMAT= 2.407857
array_size= 524288 	STRIDE= 1024 	nano= 396233821.000000 	 numberOfAccesses= 104858112 	AMAT= 3.778762
array_size= 524288 	STRIDE= 2048 	nano= 519572261.000000 	 numberOfAccesses= 104857856 	AMAT= 4.955015
array_size= 524288 	STRIDE= 4096 	nano= 817175753.000000 	 numberOfAccesses= 104857728 	AMAT= 7.793186
array_size= 524288 	STRIDE= 8192 	nano= 746981535.000000 	 numberOfAccesses= 104857664 	AMAT= 7.123767
array_size= 524288 	STRIDE= 16384 	nano= 762738423.000000 	 numberOfAccesses= 104857632 	AMAT= 7.274038
array_size= 524288 	STRIDE= 32768 	nano= 520632837.000000 	 numberOfAccesses= 104857616 	AMAT= 4.965141
array_size= 524288 	STRIDE= 65536 	nano= 194177160.000000 	 numberOfAccesses= 104857608 	AMAT= 1.851818
array_size= 524288 	STRIDE= 131072 	nano= 103585271.000000 	 numberOfAccesses= 104857604 	AMAT= 0.987866
array_size= 524288 	STRIDE= 262144 	nano= 112774350.000000 	 numberOfAccesses= 104857602 	AMAT= 1.075500
array_size= 1048576 	STRIDE= 1 	nano= 150586632.000000 	 numberOfAccesses= 210763776 	AMAT= 0.714481
array_size= 1048576 	STRIDE= 2 	nano= 150568007.000000 	 numberOfAccesses= 210239488 	AMAT= 0.716174
array_size= 1048576 	STRIDE= 4 	nano= 149898400.000000 	 numberOfAccesses= 209977344 	AMAT= 0.713879
array_size= 1048576 	STRIDE= 8 	nano= 150000102.000000 	 numberOfAccesses= 209846272 	AMAT= 0.714809
array_size= 1048576 	STRIDE= 16 	nano= 161584992.000000 	 numberOfAccesses= 209780736 	AMAT= 0.770257
array_size= 1048576 	STRIDE= 32 	nano= 266465995.000000 	 numberOfAccesses= 209747968 	AMAT= 1.270410
array_size= 1048576 	STRIDE= 64 	nano= 526602349.000000 	 numberOfAccesses= 209731584 	AMAT= 2.510840
array_size= 1048576 	STRIDE= 128 	nano= 562733064.000000 	 numberOfAccesses= 209723392 	AMAT= 2.683216
array_size= 1048576 	STRIDE= 256 	nano= 594839169.000000 	 numberOfAccesses= 209719296 	AMAT= 2.836359
array_size= 1048576 	STRIDE= 512 	nano= 507031289.000000 	 numberOfAccesses= 209717248 	AMAT= 2.417690
array_size= 1048576 	STRIDE= 1024 	nano= 791593760.000000 	 numberOfAccesses= 209716224 	AMAT= 3.774595
array_size= 1048576 	STRIDE= 2048 	nano= 1036141603.000000 	 numberOfAccesses= 209715712 	AMAT= 4.940696
array_size= 1048576 	STRIDE= 4096 	nano= 1627816342.000000 	 numberOfAccesses= 209715456 	AMAT= 7.762024
array_size= 1048576 	STRIDE= 8192 	nano= 1651718064.000000 	 numberOfAccesses= 209715328 	AMAT= 7.876001
array_size= 1048576 	STRIDE= 16384 	nano= 1633721203.000000 	 numberOfAccesses= 209715264 	AMAT= 7.790187
array_size= 1048576 	STRIDE= 32768 	nano= 1534481834.000000 	 numberOfAccesses= 209715232 	AMAT= 7.316978
array_size= 1048576 	STRIDE= 65536 	nano= 1043192516.000000 	 numberOfAccesses= 209715216 	AMAT= 4.974329
array_size= 1048576 	STRIDE= 131072 	nano= 388131526.000000 	 numberOfAccesses= 209715208 	AMAT= 1.850755
array_size= 1048576 	STRIDE= 262144 	nano= 206676857.000000 	 numberOfAccesses= 209715204 	AMAT= 0.985512
array_size= 1048576 	STRIDE= 524288 	nano= 225173037.000000 	 numberOfAccesses= 209715202 	AMAT= 1.073709
